<?xml version="1.0" encoding="UTF-8"?>
<testsuite xmlns:xsi="http://www.w3.org/2001/XMLSchema-instance" xsi:noNamespaceSchemaLocation="https://maven.apache.org/surefire/maven-surefire-plugin/xsd/surefire-test-report-3.0.xsd" version="3.0" name="com.hackathon.ehealthcareproject.EHealthcareProjectApplicationTests" time="8.447" tests="1" errors="0" skipped="0" failures="0">
  <properties>
[...]
</properties>
  <testcase name="contextLoads" classname="com.hackathon.ehealthcareproject.EHealthcareProjectApplicationTests" time="0.752">
    <system-out><![CDATA[Standard Commons Logging discovery in action with spring-jcl: please remove commons-logging.jar from classpath in order to avoid potential conflicts
15:24:40.107 [main] INFO org.springframework.test.context.support.AnnotationConfigContextLoaderUtils -- Could not detect default configuration classes for test class [com.hackathon.ehealthcareproject.EHealthcareProjectApplicationTests]: EHealthcareProjectApplicationTests does not declare any static, non-private, non-final, nested classes annotated with @Configuration.
15:24:40.269 [main] INFO org.springframework.boot.test.context.SpringBootTestContextBootstrapper -- Found @SpringBootConfiguration com.hackathon.ehealthcareproject.EHealthcareProjectApplication for test class com.hackathon.ehealthcareproject.EHealthcareProjectApplicationTests

  .   ____          _            __ _ _
 /\\ / ___'_ __ _ _(_)_ __  __ _ \ \ \ \
( ( )\___ | '_ | '_| | '_ \/ _` | \ \ \ \
 \\/  ___)| |_)| | | | | || (_| |  ) ) ) )
  '  |____| .__|_| |_|_| |_\__, | / / / /
 =========|_|==============|___/=/_/_/_/
 :: Spring Boot ::                (v3.1.1)

2023-07-13T15:24:40.850+01:00  INFO 9324 --- [           main] c.h.e.EHealthcareProjectApplicationTests : Starting EHealthcareProjectApplicationTests using Java 20 with PID 9324 (started by Noah.Johnson in C:\Users\noah.johnson\OneDrive - Africa Prudential\Documents\SpringBoot Applications\Hackathon\E-healthcare-project)
2023-07-13T15:24:40.852+01:00  INFO 9324 --- [           main] c.h.e.EHealthcareProjectApplicationTests : No active profile set, falling back to 1 default profile: "default"
2023-07-13T15:24:41.979+01:00  INFO 9324 --- [           main] .s.d.r.c.RepositoryConfigurationDelegate : Bootstrapping Spring Data JPA repositories in DEFAULT mode.
2023-07-13T15:24:42.096+01:00  INFO 9324 --- [           main] .s.d.r.c.RepositoryConfigurationDelegate : Finished Spring Data repository scanning in 106 ms. Found 8 JPA repository interfaces.
2023-07-13T15:24:42.720+01:00  INFO 9324 --- [           main] o.hibernate.jpa.internal.util.LogHelper  : HHH000204: Processing PersistenceUnitInfo [name: default]
2023-07-13T15:24:42.806+01:00  INFO 9324 --- [           main] org.hibernate.Version                    : HHH000412: Hibernate ORM core version 6.2.5.Final
2023-07-13T15:24:42.809+01:00  INFO 9324 --- [           main] org.hibernate.cfg.Environment            : HHH000406: Using bytecode reflection optimizer
2023-07-13T15:24:43.092+01:00  INFO 9324 --- [           main] o.h.b.i.BytecodeProviderInitiator        : HHH000021: Bytecode provider name : bytebuddy
2023-07-13T15:24:43.306+01:00  INFO 9324 --- [           main] o.s.o.j.p.SpringPersistenceUnitInfo      : No LoadTimeWeaver setup: ignoring JPA class transformer
2023-07-13T15:24:43.337+01:00  INFO 9324 --- [           main] com.zaxxer.hikari.HikariDataSource       : HikariPool-1 - Starting...
2023-07-13T15:24:43.849+01:00  INFO 9324 --- [           main] com.zaxxer.hikari.pool.HikariPool        : HikariPool-1 - Added connection com.mysql.cj.jdbc.ConnectionImpl@73b0ed03
2023-07-13T15:24:43.851+01:00  INFO 9324 --- [           main] com.zaxxer.hikari.HikariDataSource       : HikariPool-1 - Start completed.
2023-07-13T15:24:44.349+01:00  INFO 9324 --- [           main] o.h.b.i.BytecodeProviderInitiator        : HHH000021: Bytecode provider name : bytebuddy
2023-07-13T15:24:45.314+01:00  INFO 9324 --- [           main] o.h.e.t.j.p.i.JtaPlatformInitiator       : HHH000490: Using JtaPlatform implementation: [org.hibernate.engine.transaction.jta.platform.internal.NoJtaPlatform]
2023-07-13T15:24:45.542+01:00  INFO 9324 --- [           main] j.LocalContainerEntityManagerFactoryBean : Initialized JPA EntityManagerFactory for persistence unit 'default'
2023-07-13T15:24:46.130+01:00  INFO 9324 --- [           main] o.s.d.j.r.query.QueryEnhancerFactory     : Hibernate is in classpath; If applicable, HQL parser will be used.
2023-07-13T15:24:46.709+01:00  WARN 9324 --- [           main] JpaBaseConfiguration$JpaWebConfiguration : spring.jpa.open-in-view is enabled by default. Therefore, database queries may be performed during view rendering. Explicitly configure spring.jpa.open-in-view to disable this warning
2023-07-13T15:24:47.098+01:00  INFO 9324 --- [           main] o.s.s.web.DefaultSecurityFilterChain     : Will secure any request with [org.springframework.security.web.session.DisableEncodeUrlFilter@10164e94, org.springframework.security.web.context.request.async.WebAsyncManagerIntegrationFilter@24e63b9f, org.springframework.security.web.context.SecurityContextHolderFilter@23c07745, org.springframework.security.web.header.HeaderWriterFilter@5031786b, org.springframework.web.filter.CorsFilter@31eb5ed6, org.springframework.security.web.authentication.logout.LogoutFilter@759fe679, com.hackathon.ehealthcareproject.securityConfig.JwtAuthenticationFilter@3d0f2154, org.springframework.security.web.authentication.www.BasicAuthenticationFilter@7b59f3aa, org.springframework.security.web.savedrequest.RequestCacheAwareFilter@52dbd3d, org.springframework.security.web.servletapi.SecurityContextHolderAwareRequestFilter@18ee9a8f, org.springframework.security.web.authentication.AnonymousAuthenticationFilter@e30573c, org.springframework.security.web.session.SessionManagementFilter@68553e92, org.springframework.security.web.access.ExceptionTranslationFilter@564b221e, org.springframework.security.web.access.intercept.AuthorizationFilter@653e79fc]
2023-07-13T15:24:47.513+01:00  INFO 9324 --- [           main] c.h.e.EHealthcareProjectApplicationTests : Started EHealthcareProjectApplicationTests in 6.999 seconds (process running for 8.457)
]]></system-out>
  </testcase>
</testsuite>